This file contains any messages produced by compilers while
running configure, to aid debugging if configure makes a mistake.

It was created by Sudoku configure 1.0, which was
generated by GNU Autoconf 2.69.  Invocation command line was

  $ ./configure --no-create --no-recursion

## --------- ##
## Platform. ##
## --------- ##

hostname = negativeone
uname -m = x86_64
uname -r = 5.4.0-53-generic
uname -s = Linux
uname -v = #59~18.04.1-Ubuntu SMP Wed Oct 21 12:14:56 UTC 2020

/usr/bin/uname -p = unknown
/bin/uname -X     = unknown

/bin/arch              = unknown
/usr/bin/arch -k       = unknown
/usr/convex/getsysinfo = unknown
/usr/bin/hostinfo      = unknown
/bin/machine           = unknown
/usr/bin/oslevel       = unknown
/bin/universe          = unknown

PATH: /home/kanhaiya/.nvm/versions/node/v12.16.3/bin
PATH: /home/kanhaiya/anaconda3/condabin
PATH: /usr/local/sbin
PATH: /usr/local/bin
PATH: /usr/sbin
PATH: /usr/bin
PATH: /sbin
PATH: /bin
PATH: /usr/games
PATH: /usr/local/games
PATH: /snap/bin
PATH: /home/kanhaiya/.local/bin


## ----------- ##
## Core tests. ##
## ----------- ##

configure:1889: checking for a BSD-compatible install
configure:1957: result: /usr/bin/install -c
configure:1968: checking whether build environment is sane
configure:2023: result: yes
configure:2174: checking for a thread-safe mkdir -p
configure:2213: result: /bin/mkdir -p
configure:2220: checking for gawk
configure:2236: found /usr/bin/gawk
configure:2247: result: gawk
configure:2258: checking whether make sets $(MAKE)
configure:2280: result: yes
configure:2309: checking whether make supports nested variables
configure:2326: result: yes
configure:2500: checking for gcc
configure:2516: found /usr/bin/gcc
configure:2527: result: gcc
configure:2756: checking for C compiler version
configure:2765: gcc --version >&5
gcc (Ubuntu 7.5.0-3ubuntu1~18.04) 7.5.0
Copyright (C) 2017 Free Software Foundation, Inc.
This is free software; see the source for copying conditions.  There is NO
warranty; not even for MERCHANTABILITY or FITNESS FOR A PARTICULAR PURPOSE.

configure:2776: $? = 0
configure:2765: gcc -v >&5
Using built-in specs.
COLLECT_GCC=gcc
COLLECT_LTO_WRAPPER=/usr/lib/gcc/x86_64-linux-gnu/7/lto-wrapper
OFFLOAD_TARGET_NAMES=nvptx-none
OFFLOAD_TARGET_DEFAULT=1
Target: x86_64-linux-gnu
Configured with: ../src/configure -v --with-pkgversion='Ubuntu 7.5.0-3ubuntu1~18.04' --with-bugurl=file:///usr/share/doc/gcc-7/README.Bugs --enable-languages=c,ada,c++,go,brig,d,fortran,objc,obj-c++ --prefix=/usr --with-gcc-major-version-only --program-suffix=-7 --program-prefix=x86_64-linux-gnu- --enable-shared --enable-linker-build-id --libexecdir=/usr/lib --without-included-gettext --enable-threads=posix --libdir=/usr/lib --enable-nls --enable-bootstrap --enable-clocale=gnu --enable-libstdcxx-debug --enable-libstdcxx-time=yes --with-default-libstdcxx-abi=new --enable-gnu-unique-object --disable-vtable-verify --enable-libmpx --enable-plugin --enable-default-pie --with-system-zlib --with-target-system-zlib --enable-objc-gc=auto --enable-multiarch --disable-werror --with-arch-32=i686 --with-abi=m64 --with-multilib-list=m32,m64,mx32 --enable-multilib --with-tune=generic --enable-offload-targets=nvptx-none --without-cuda-driver --enable-checking=release --build=x86_64-linux-gnu --host=x86_64-linux-gnu --target=x86_64-linux-gnu
Thread model: posix
gcc version 7.5.0 (Ubuntu 7.5.0-3ubuntu1~18.04) 
configure:2776: $? = 0
configure:2765: gcc -V >&5
gcc: error: unrecognized command line option '-V'
gcc: fatal error: no input files
compilation terminated.
configure:2776: $? = 1
configure:2765: gcc -qversion >&5
gcc: error: unrecognized command line option '-qversion'; did you mean '--version'?
gcc: fatal error: no input files
compilation terminated.
configure:2776: $? = 1
configure:2796: checking whether the C compiler works
configure:2818: gcc    conftest.c  >&5
configure:2822: $? = 0
configure:2870: result: yes
configure:2873: checking for C compiler default output file name
configure:2875: result: a.out
configure:2881: checking for suffix of executables
configure:2888: gcc -o conftest    conftest.c  >&5
configure:2892: $? = 0
configure:2914: result: 
configure:2936: checking whether we are cross compiling
configure:2944: gcc -o conftest    conftest.c  >&5
configure:2948: $? = 0
configure:2955: ./conftest
configure:2959: $? = 0
configure:2974: result: no
configure:2979: checking for suffix of object files
configure:3001: gcc -c   conftest.c >&5
configure:3005: $? = 0
configure:3026: result: o
configure:3030: checking whether we are using the GNU C compiler
configure:3049: gcc -c   conftest.c >&5
configure:3049: $? = 0
configure:3058: result: yes
configure:3067: checking whether gcc accepts -g
configure:3087: gcc -c -g  conftest.c >&5
configure:3087: $? = 0
configure:3128: result: yes
configure:3145: checking for gcc option to accept ISO C89
configure:3208: gcc  -c -g -O2  conftest.c >&5
configure:3208: $? = 0
configure:3221: result: none needed
configure:3246: checking whether gcc understands -c and -o together
configure:3268: gcc -c conftest.c -o conftest2.o
configure:3271: $? = 0
configure:3268: gcc -c conftest.c -o conftest2.o
configure:3271: $? = 0
configure:3283: result: yes
configure:3311: checking for style of include used by make
configure:3339: result: GNU
configure:3365: checking dependency style of gcc
configure:3476: result: gcc3
configure:3492: checking for library containing sqrt
configure:3523: gcc -o conftest -g -O2   conftest.c  >&5
conftest.c:18:6: warning: conflicting types for built-in function 'sqrt' [-Wbuiltin-declaration-mismatch]
 char sqrt ();
      ^~~~
/tmp/cclbNJgU.o: In function `main':
/home/kanhaiya/Kanhaiya/Codes/projects/Csudoku/conftest.c:22: undefined reference to `sqrt'
collect2: error: ld returned 1 exit status
configure:3523: $? = 1
configure: failed program was:
| /* confdefs.h */
| #define PACKAGE_NAME "Sudoku"
| #define PACKAGE_TARNAME "sudoku"
| #define PACKAGE_VERSION "1.0"
| #define PACKAGE_STRING "Sudoku 1.0"
| #define PACKAGE_BUGREPORT "kanhaiya"
| #define PACKAGE_URL ""
| #define PACKAGE "sudoku"
| #define VERSION "1.0"
| /* end confdefs.h.  */
| 
| /* Override any GCC internal prototype to avoid an error.
|    Use char because int might match the return type of a GCC
|    builtin and then its argument prototype would still apply.  */
| #ifdef __cplusplus
| extern "C"
| #endif
| char sqrt ();
| int
| main ()
| {
| return sqrt ();
|   ;
|   return 0;
| }
configure:3523: gcc -o conftest -g -O2   conftest.c -lm   >&5
conftest.c:18:6: warning: conflicting types for built-in function 'sqrt' [-Wbuiltin-declaration-mismatch]
 char sqrt ();
      ^~~~
configure:3523: $? = 0
configure:3540: result: -lm
configure:3661: checking that generated files are newer than configure
configure:3667: result: done
configure:3690: creating ./config.status

## ---------------- ##
## Cache variables. ##
## ---------------- ##

ac_cv_c_compiler_gnu=yes
ac_cv_env_CC_set=
ac_cv_env_CC_value=
ac_cv_env_CFLAGS_set=
ac_cv_env_CFLAGS_value=
ac_cv_env_CPPFLAGS_set=
ac_cv_env_CPPFLAGS_value=
ac_cv_env_LDFLAGS_set=
ac_cv_env_LDFLAGS_value=
ac_cv_env_LIBS_set=
ac_cv_env_LIBS_value=
ac_cv_env_build_alias_set=
ac_cv_env_build_alias_value=
ac_cv_env_host_alias_set=
ac_cv_env_host_alias_value=
ac_cv_env_target_alias_set=
ac_cv_env_target_alias_value=
ac_cv_objext=o
ac_cv_path_install='/usr/bin/install -c'
ac_cv_path_mkdir=/bin/mkdir
ac_cv_prog_AWK=gawk
ac_cv_prog_ac_ct_CC=gcc
ac_cv_prog_cc_c89=
ac_cv_prog_cc_g=yes
ac_cv_prog_make_make_set=yes
ac_cv_search_sqrt=-lm
am_cv_CC_dependencies_compiler_type=gcc3
am_cv_make_support_nested_variables=yes
am_cv_prog_cc_c_o=yes

## ----------------- ##
## Output variables. ##
## ----------------- ##

ACLOCAL='${SHELL} /home/kanhaiya/Kanhaiya/Codes/projects/Csudoku/missing aclocal-1.15'
AMDEPBACKSLASH='\'
AMDEP_FALSE='#'
AMDEP_TRUE=''
AMTAR='$${TAR-tar}'
AM_BACKSLASH='\'
AM_DEFAULT_V='$(AM_DEFAULT_VERBOSITY)'
AM_DEFAULT_VERBOSITY='1'
AM_V='$(V)'
AUTOCONF='${SHELL} /home/kanhaiya/Kanhaiya/Codes/projects/Csudoku/missing autoconf'
AUTOHEADER='${SHELL} /home/kanhaiya/Kanhaiya/Codes/projects/Csudoku/missing autoheader'
AUTOMAKE='${SHELL} /home/kanhaiya/Kanhaiya/Codes/projects/Csudoku/missing automake-1.15'
AWK='gawk'
CC='gcc'
CCDEPMODE='depmode=gcc3'
CFLAGS='-g -O2'
CPPFLAGS=''
CYGPATH_W='echo'
DEFS='-DHAVE_CONFIG_H'
DEPDIR='.deps'
ECHO_C=''
ECHO_N='-n'
ECHO_T=''
EXEEXT=''
INSTALL_DATA='${INSTALL} -m 644'
INSTALL_PROGRAM='${INSTALL}'
INSTALL_SCRIPT='${INSTALL}'
INSTALL_STRIP_PROGRAM='$(install_sh) -c -s'
LDFLAGS=''
LIBOBJS=''
LIBS='-lm '
LTLIBOBJS=''
MAKEINFO='${SHELL} /home/kanhaiya/Kanhaiya/Codes/projects/Csudoku/missing makeinfo'
MKDIR_P='/bin/mkdir -p'
OBJEXT='o'
PACKAGE='sudoku'
PACKAGE_BUGREPORT='kanhaiya'
PACKAGE_NAME='Sudoku'
PACKAGE_STRING='Sudoku 1.0'
PACKAGE_TARNAME='sudoku'
PACKAGE_URL=''
PACKAGE_VERSION='1.0'
PATH_SEPARATOR=':'
SET_MAKE=''
SHELL='/bin/bash'
STRIP=''
VERSION='1.0'
ac_ct_CC='gcc'
am__EXEEXT_FALSE=''
am__EXEEXT_TRUE='#'
am__fastdepCC_FALSE='#'
am__fastdepCC_TRUE=''
am__include='include'
am__isrc=''
am__leading_dot='.'
am__nodep='_no'
am__quote=''
am__tar='$${TAR-tar} chof - "$$tardir"'
am__untar='$${TAR-tar} xf -'
bindir='${exec_prefix}/bin'
build_alias=''
datadir='${datarootdir}'
datarootdir='${prefix}/share'
docdir='${datarootdir}/doc/${PACKAGE_TARNAME}'
dvidir='${docdir}'
exec_prefix='${prefix}'
host_alias=''
htmldir='${docdir}'
includedir='${prefix}/include'
infodir='${datarootdir}/info'
install_sh='${SHELL} /home/kanhaiya/Kanhaiya/Codes/projects/Csudoku/install-sh'
libdir='${exec_prefix}/lib'
libexecdir='${exec_prefix}/libexec'
localedir='${datarootdir}/locale'
localstatedir='${prefix}/var'
mandir='${datarootdir}/man'
mkdir_p='$(MKDIR_P)'
oldincludedir='/usr/include'
pdfdir='${docdir}'
prefix='/usr/local'
program_transform_name='s,x,x,'
psdir='${docdir}'
runstatedir='${localstatedir}/run'
sbindir='${exec_prefix}/sbin'
sharedstatedir='${prefix}/com'
sysconfdir='${prefix}/etc'
target_alias=''

## ----------- ##
## confdefs.h. ##
## ----------- ##

/* confdefs.h */
#define PACKAGE_NAME "Sudoku"
#define PACKAGE_TARNAME "sudoku"
#define PACKAGE_VERSION "1.0"
#define PACKAGE_STRING "Sudoku 1.0"
#define PACKAGE_BUGREPORT "kanhaiya"
#define PACKAGE_URL ""
#define PACKAGE "sudoku"
#define VERSION "1.0"

configure: exit 0

## ---------------------- ##
## Running config.status. ##
## ---------------------- ##

This file was extended by Sudoku config.status 1.0, which was
generated by GNU Autoconf 2.69.  Invocation command line was

  CONFIG_FILES    = 
  CONFIG_HEADERS  = 
  CONFIG_LINKS    = 
  CONFIG_COMMANDS = 
  $ ./config.status 

on negativeone

config.status:841: creating Makefile
config.status:841: creating src/Makefile
config.status:841: creating config.h
config.status:1022: config.h is unchanged
config.status:1070: executing depfiles commands

## ---------------------- ##
## Running config.status. ##
## ---------------------- ##

This file was extended by Sudoku config.status 1.0, which was
generated by GNU Autoconf 2.69.  Invocation command line was

  CONFIG_FILES    = 
  CONFIG_HEADERS  = 
  CONFIG_LINKS    = 
  CONFIG_COMMANDS = 
  $ ./config.status config.h

on negativeone

config.status:841: creating config.h
config.status:1022: config.h is unchanged
